2016/08/08 17:49:43 [error] [php] Declaration of ItineraryController::performAjaxValidation() should be compatible with GxController::performAjaxValidation($model, $form = NULL) (D:\www\rcclhk\booking\protected\controllers\ItineraryController.php:3)
Stack trace:
#0 D:\www\rcclhk\system\framework\web\CWebApplication.php(141): CWebApplication->runController()
#1 D:\www\rcclhk\system\framework\base\CApplication.php(184): CWebApplication->processRequest()
#2 D:\www\rcclhk\booking\index.php(14): CWebApplication->run()
REQUEST_URI=/booking/index.php//itinerary/ServiceGetItineraries?callback=callback&_=1470649680071
in D:\www\rcclhk\booking\protected\controllers\ItineraryController.php (3)
in D:\www\rcclhk\booking\index.php (14)
2016/08/08 17:49:57 [error] [php] Declaration of ItineraryController::performAjaxValidation() should be compatible with GxController::performAjaxValidation($model, $form = NULL) (D:\www\rcclhk\booking\protected\controllers\ItineraryController.php:3)
Stack trace:
#0 D:\www\rcclhk\system\framework\web\CWebApplication.php(141): CWebApplication->runController()
#1 D:\www\rcclhk\system\framework\base\CApplication.php(184): CWebApplication->processRequest()
#2 D:\www\rcclhk\booking\index.php(14): CWebApplication->run()
REQUEST_URI=/booking/index.php//itinerary/ServiceGetItineraries?callback=callback&_=1470649796829
in D:\www\rcclhk\booking\protected\controllers\ItineraryController.php (3)
in D:\www\rcclhk\booking\index.php (14)
2016/08/08 17:52:35 [error] [php] Declaration of ItineraryController::performAjaxValidation($model) should be compatible with GxController::performAjaxValidation($model, $form = NULL) (D:\www\rcclhk\booking\protected\controllers\ItineraryController.php:3)
Stack trace:
#0 D:\www\rcclhk\system\framework\web\CWebApplication.php(141): CWebApplication->runController()
#1 D:\www\rcclhk\system\framework\base\CApplication.php(184): CWebApplication->processRequest()
#2 D:\www\rcclhk\booking\index.php(14): CWebApplication->run()
REQUEST_URI=/booking/index.php//itinerary/ServiceGetItineraries?callback=callback&_=1470649680071
in D:\www\rcclhk\booking\protected\controllers\ItineraryController.php (3)
in D:\www\rcclhk\booking\index.php (14)
2016/08/08 18:00:36 [error] [php] Declaration of BookingController::performAjaxValidation($model) should be compatible with GxController::performAjaxValidation($model, $form = NULL) (D:\www\rcclhk\booking\protected\controllers\BookingController.php:3)
Stack trace:
#0 D:\www\rcclhk\system\framework\web\CWebApplication.php(141): CWebApplication->runController()
#1 D:\www\rcclhk\system\framework\base\CApplication.php(184): CWebApplication->processRequest()
#2 D:\www\rcclhk\booking\index.php(14): CWebApplication->run()
REQUEST_URI=/booking/index.php//booking/stepone?id=VY0814&lang=tc
in D:\www\rcclhk\booking\protected\controllers\BookingController.php (3)
in D:\www\rcclhk\booking\index.php (14)
2016/08/08 18:01:22 [error] [php] Non-static method CHttpRequest::getUserHostAddress() should not be called statically (D:\www\rcclhk\booking\protected\controllers\BookingController.php:1246)
Stack trace:
#0 D:\www\rcclhk\system\framework\web\actions\CAction.php(109): ReflectionMethod->invokeArgs()
#1 D:\www\rcclhk\system\framework\web\actions\CInlineAction.php(47): CInlineAction->runWithParamsInternal()
#2 D:\www\rcclhk\system\framework\web\CController.php(308): CInlineAction->runWithParams()
#3 D:\www\rcclhk\system\framework\web\filters\CFilterChain.php(133): BookingController->runAction()
#4 D:\www\rcclhk\system\framework\web\filters\CFilter.php(40): CFilterChain->run()
#5 D:\www\rcclhk\system\framework\web\CController.php(1145): CAccessControlFilter->filter()
#6 D:\www\rcclhk\system\framework\web\filters\CInlineFilter.php(58): BookingController->filterAccessControl()
#7 D:\www\rcclhk\system\framework\web\filters\CFilterChain.php(130): CInlineFilter->filter()
#8 D:\www\rcclhk\system\framework\web\CController.php(291): CFilterChain->run()
#9 D:\www\rcclhk\system\framework\web\CController.php(265): BookingController->runActionWithFilters()
#10 D:\www\rcclhk\system\framework\web\CWebApplication.php(282): BookingController->run()
#11 D:\www\rcclhk\system\framework\web\CWebApplication.php(141): CWebApplication->runController()
#12 D:\www\rcclhk\system\framework\base\CApplication.php(184): CWebApplication->processRequest()
#13 D:\www\rcclhk\booking\index.php(14): CWebApplication->run()
REQUEST_URI=/booking/index.php/booking/stepone/id/VY0814
in D:\www\rcclhk\booking\protected\controllers\BookingController.php (1246)
in D:\www\rcclhk\booking\protected\controllers\BookingController.php (290)
in D:\www\rcclhk\booking\index.php (14)
2016/08/08 18:01:25 [error] [php] Non-static method CHttpRequest::getUserHostAddress() should not be called statically (D:\www\rcclhk\booking\protected\controllers\BookingController.php:1246)
Stack trace:
#0 D:\www\rcclhk\system\framework\web\actions\CAction.php(109): ReflectionMethod->invokeArgs()
#1 D:\www\rcclhk\system\framework\web\actions\CInlineAction.php(47): CInlineAction->runWithParamsInternal()
#2 D:\www\rcclhk\system\framework\web\CController.php(308): CInlineAction->runWithParams()
#3 D:\www\rcclhk\system\framework\web\filters\CFilterChain.php(133): BookingController->runAction()
#4 D:\www\rcclhk\system\framework\web\filters\CFilter.php(40): CFilterChain->run()
#5 D:\www\rcclhk\system\framework\web\CController.php(1145): CAccessControlFilter->filter()
#6 D:\www\rcclhk\system\framework\web\filters\CInlineFilter.php(58): BookingController->filterAccessControl()
#7 D:\www\rcclhk\system\framework\web\filters\CFilterChain.php(130): CInlineFilter->filter()
#8 D:\www\rcclhk\system\framework\web\CController.php(291): CFilterChain->run()
#9 D:\www\rcclhk\system\framework\web\CController.php(265): BookingController->runActionWithFilters()
#10 D:\www\rcclhk\system\framework\web\CWebApplication.php(282): BookingController->run()
#11 D:\www\rcclhk\system\framework\web\CWebApplication.php(141): CWebApplication->runController()
#12 D:\www\rcclhk\system\framework\base\CApplication.php(184): CWebApplication->processRequest()
#13 D:\www\rcclhk\booking\index.php(14): CWebApplication->run()
REQUEST_URI=/booking/index.php/booking/stepone/id/VY0814
in D:\www\rcclhk\booking\protected\controllers\BookingController.php (1246)
in D:\www\rcclhk\booking\protected\controllers\BookingController.php (290)
in D:\www\rcclhk\booking\index.php (14)
2016/08/08 18:01:30 [error] [php] Non-static method CHttpRequest::getUserHostAddress() should not be called statically (D:\www\rcclhk\booking\protected\controllers\BookingController.php:1246)
Stack trace:
#0 D:\www\rcclhk\system\framework\web\actions\CAction.php(109): ReflectionMethod->invokeArgs()
#1 D:\www\rcclhk\system\framework\web\actions\CInlineAction.php(47): CInlineAction->runWithParamsInternal()
#2 D:\www\rcclhk\system\framework\web\CController.php(308): CInlineAction->runWithParams()
#3 D:\www\rcclhk\system\framework\web\filters\CFilterChain.php(133): BookingController->runAction()
#4 D:\www\rcclhk\system\framework\web\filters\CFilter.php(40): CFilterChain->run()
#5 D:\www\rcclhk\system\framework\web\CController.php(1145): CAccessControlFilter->filter()
#6 D:\www\rcclhk\system\framework\web\filters\CInlineFilter.php(58): BookingController->filterAccessControl()
#7 D:\www\rcclhk\system\framework\web\filters\CFilterChain.php(130): CInlineFilter->filter()
#8 D:\www\rcclhk\system\framework\web\CController.php(291): CFilterChain->run()
#9 D:\www\rcclhk\system\framework\web\CController.php(265): BookingController->runActionWithFilters()
#10 D:\www\rcclhk\system\framework\web\CWebApplication.php(282): BookingController->run()
#11 D:\www\rcclhk\system\framework\web\CWebApplication.php(141): CWebApplication->runController()
#12 D:\www\rcclhk\system\framework\base\CApplication.php(184): CWebApplication->processRequest()
#13 D:\www\rcclhk\booking\index.php(14): CWebApplication->run()
REQUEST_URI=/booking/index.php/booking/stepone/id/VY0814
in D:\www\rcclhk\booking\protected\controllers\BookingController.php (1246)
in D:\www\rcclhk\booking\protected\controllers\BookingController.php (290)
in D:\www\rcclhk\booking\index.php (14)
